📅 Körning: 2025-10-22 06:10:43
----------------------------------------------------------------------
Inga jobb återöppnades denna gång.
----------------------------------------------------------------------
Totalt återöppnade jobb: 0
======================================================================


======================================================================
📅 Körning: 2025-10-22 06:11:09
----------------------------------------------------------------------
Inga jobb återöppnades denna gång.
----------------------------------------------------------------------
Totalt återöppnade jobb: 0
======================================================================


======================================================================
📅 Körning: 2025-10-22 06:41:37
----------------------------------------------------------------------
Inga jobb återöppnades denna gång.
----------------------------------------------------------------------
Totalt återöppnade jobb: 0
======================================================================

